<?xml version="1.0" encoding="UTF-8"?>
<!-- Generated by org.testng.reporters.JUnitXMLReporter -->
<testsuite hostname="DESKTOP-5A0GL55" ignored="2" name="Default test" tests="1" failures="0" timestamp="2022-09-11T08:09:01 AST" time="20.643" errors="0">
  <testcase name="test3" time="13.21" classname="TMKN.Tamkeen.SimpliLearnLogin"/>
  <testcase name="Test1" time="0.0" classname="TMKN.Tamkeen.SimpliLearnLogin">
    <ignored/>
  </testcase> <!-- Test1 -->
  <testcase name="login2" time="0.0" classname="TMKN.Tamkeen.SimpliLearnLogin">
    <ignored/>
  </testcase> <!-- login2 -->
</testsuite> <!-- Default test -->
