<?xml version="1.0" encoding="UTF-8"?>
<!-- Generated by org.testng.reporters.JUnitXMLReporter -->
<testsuite hostname="DESKTOP-5A0GL55" ignored="0" name="Test" tests="3" failures="0" timestamp="2022-09-17T07:33:42 AST" time="159.46" errors="0">
  <testcase name="Test1" time="117.548" classname="TMKN.Tamkeen.SimpliLearnLogin"/>
  <testcase name="login2" time="11.346" classname="TMKN.Tamkeen.SimpliLearnLogin"/>
  <testcase name="test3" time="12.307" classname="TMKN.Tamkeen.SimpliLearnLogin"/>
</testsuite> <!-- Test -->
