<?xml version="1.0" encoding="UTF-8"?>
<!-- Generated by org.testng.reporters.JUnitXMLReporter -->
<testsuite hostname="DESKTOP-5A0GL55" ignored="1" name="Test" tests="2" failures="0" timestamp="2022-09-11T08:23:45 AST" time="34.649" errors="0">
  <testcase name="Test1" time="12.356" classname="TMKN.Tamkeen.SimpliLearnLogin"/>
  <testcase name="test3" time="13.107" classname="TMKN.Tamkeen.SimpliLearnLogin"/>
  <testcase name="login2" time="0.0" classname="TMKN.Tamkeen.SimpliLearnLogin">
    <ignored/>
  </testcase> <!-- login2 -->
</testsuite> <!-- Test -->
