<?xml version="1.0" encoding="UTF-8"?>
<!-- Generated by org.testng.reporters.JUnitXMLReporter -->
<testsuite hostname="DESKTOP-5A0GL55" ignored="0" name="Test" tests="3" failures="0" timestamp="2022-09-24T06:54:04 AST" time="60.937" errors="0">
  <testcase name="Test1" time="13.909" classname="TMKN.Tamkeen.SimpliLearnLogin"/>
  <testcase name="login2" time="13.409" classname="TMKN.Tamkeen.SimpliLearnLogin"/>
  <testcase name="test3" time="15.039" classname="TMKN.Tamkeen.SimpliLearnLogin"/>
</testsuite> <!-- Test -->
