<?xml version="1.0" encoding="UTF-8"?>
<testng-results skipped="0" failed="0" ignored="0" total="3" passed="3">
  <reporter-output>
  </reporter-output>
  <suite name="Suite" duration-ms="60937" started-at="2022-09-24T06:53:03 AST" finished-at="2022-09-24T06:54:04 AST">
    <groups>
    </groups>
    <test name="Test" duration-ms="60937" started-at="2022-09-24T06:53:03 AST" finished-at="2022-09-24T06:54:04 AST">
      <class name="TMKN.Tamkeen.SimpliLearnLogin">
        <test-method status="PASS" signature="DataSetup()[pri:0, instance:TMKN.Tamkeen.SimpliLearnLogin@7a1ebcd8]" name="DataSetup" is-config="true" duration-ms="707" started-at="2022-09-24T06:53:03 AST" finished-at="2022-09-24T06:53:04 AST">
          <reporter-output>
          </reporter-output>
        </test-method> <!-- DataSetup -->
        <test-method status="PASS" signature="setUp(java.lang.reflect.Method)[pri:0, instance:TMKN.Tamkeen.SimpliLearnLogin@7a1ebcd8]" name="setUp" is-config="true" duration-ms="7128" started-at="2022-09-24T06:53:04 AST" finished-at="2022-09-24T06:53:11 AST">
          <params>
            <param index="0">
              <value>
                <![CDATA[public void TMKN.Tamkeen.SimpliLearnLogin.Test1() throws java.lang.InterruptedException]]>
              </value>
            </param>
          </params>
          <reporter-output>
          </reporter-output>
        </test-method> <!-- setUp -->
        <test-method status="PASS" signature="Test1()[pri:0, instance:TMKN.Tamkeen.SimpliLearnLogin@7a1ebcd8]" name="Test1" duration-ms="13909" started-at="2022-09-24T06:53:11 AST" finished-at="2022-09-24T06:53:25 AST">
          <reporter-output>
          </reporter-output>
        </test-method> <!-- Test1 -->
        <test-method status="PASS" signature="tearDown()[pri:0, instance:TMKN.Tamkeen.SimpliLearnLogin@7a1ebcd8]" name="tearDown" is-config="true" duration-ms="123" started-at="2022-09-24T06:53:25 AST" finished-at="2022-09-24T06:53:25 AST">
          <reporter-output>
          </reporter-output>
        </test-method> <!-- tearDown -->
        <test-method status="PASS" signature="setUp(java.lang.reflect.Method)[pri:0, instance:TMKN.Tamkeen.SimpliLearnLogin@7a1ebcd8]" name="setUp" is-config="true" duration-ms="4613" started-at="2022-09-24T06:53:25 AST" finished-at="2022-09-24T06:53:30 AST">
          <params>
            <param index="0">
              <value>
                <![CDATA[public void TMKN.Tamkeen.SimpliLearnLogin.login2(java.lang.String,java.lang.String) throws java.lang.InterruptedException]]>
              </value>
            </param>
          </params>
          <reporter-output>
          </reporter-output>
        </test-method> <!-- setUp -->
        <test-method status="PASS" signature="login2(java.lang.String,java.lang.String)[pri:0, instance:TMKN.Tamkeen.SimpliLearnLogin@7a1ebcd8]" name="login2" duration-ms="13409" started-at="2022-09-24T06:53:30 AST" finished-at="2022-09-24T06:53:43 AST">
          <params>
            <param index="0">
              <value>
                <![CDATA[test@test.com]]>
              </value>
            </param>
            <param index="1">
              <value>
                <![CDATA[Test@123]]>
              </value>
            </param>
          </params>
          <reporter-output>
          </reporter-output>
        </test-method> <!-- login2 -->
        <test-method status="PASS" signature="tearDown()[pri:0, instance:TMKN.Tamkeen.SimpliLearnLogin@7a1ebcd8]" name="tearDown" is-config="true" duration-ms="124" started-at="2022-09-24T06:53:43 AST" finished-at="2022-09-24T06:53:43 AST">
          <reporter-output>
          </reporter-output>
        </test-method> <!-- tearDown -->
        <test-method status="PASS" signature="setUp(java.lang.reflect.Method)[pri:0, instance:TMKN.Tamkeen.SimpliLearnLogin@7a1ebcd8]" name="setUp" is-config="true" duration-ms="5349" started-at="2022-09-24T06:53:43 AST" finished-at="2022-09-24T06:53:48 AST">
          <params>
            <param index="0">
              <value>
                <![CDATA[public void TMKN.Tamkeen.SimpliLearnLogin.test3() throws java.lang.InterruptedException]]>
              </value>
            </param>
          </params>
          <reporter-output>
          </reporter-output>
        </test-method> <!-- setUp -->
        <test-method status="PASS" signature="test3()[pri:0, instance:TMKN.Tamkeen.SimpliLearnLogin@7a1ebcd8]" name="test3" duration-ms="15039" started-at="2022-09-24T06:53:48 AST" finished-at="2022-09-24T06:54:04 AST">
          <reporter-output>
          </reporter-output>
        </test-method> <!-- test3 -->
        <test-method status="PASS" signature="tearDown()[pri:0, instance:TMKN.Tamkeen.SimpliLearnLogin@7a1ebcd8]" name="tearDown" is-config="true" duration-ms="132" started-at="2022-09-24T06:54:04 AST" finished-at="2022-09-24T06:54:04 AST">
          <reporter-output>
          </reporter-output>
        </test-method> <!-- tearDown -->
        <test-method status="PASS" signature="Dataclean()[pri:0, instance:TMKN.Tamkeen.SimpliLearnLogin@7a1ebcd8]" name="Dataclean" is-config="true" duration-ms="373" started-at="2022-09-24T06:54:04 AST" finished-at="2022-09-24T06:54:04 AST">
          <reporter-output>
          </reporter-output>
        </test-method> <!-- Dataclean -->
      </class> <!-- TMKN.Tamkeen.SimpliLearnLogin -->
    </test> <!-- Test -->
  </suite> <!-- Suite -->
</testng-results>
