<?xml version="1.0" encoding="UTF-8"?>
<testng-results skipped="0" failed="0" ignored="0" total="1" passed="1">
  <reporter-output>
  </reporter-output>
  <suite name="Suite" duration-ms="19114" started-at="2022-09-11T06:40:32 AST" finished-at="2022-09-11T06:40:51 AST">
    <groups>
    </groups>
    <test name="Test" duration-ms="19114" started-at="2022-09-11T06:40:32 AST" finished-at="2022-09-11T06:40:51 AST">
      <class name="TMKN.Tamkeen.SimpliLearnLogin">
        <test-method status="PASS" signature="setUp()[pri:0, instance:TMKN.Tamkeen.SimpliLearnLogin@394e1a0f]" name="setUp" is-config="true" duration-ms="5425" started-at="2022-09-11T06:40:32 AST" finished-at="2022-09-11T06:40:37 AST">
          <reporter-output>
          </reporter-output>
        </test-method> <!-- setUp -->
        <test-method status="PASS" signature="Test1()[pri:0, instance:TMKN.Tamkeen.SimpliLearnLogin@394e1a0f]" name="Test1" duration-ms="13502" started-at="2022-09-11T06:40:37 AST" finished-at="2022-09-11T06:40:51 AST">
          <reporter-output>
          </reporter-output>
        </test-method> <!-- Test1 -->
        <test-method status="PASS" signature="tearDown()[pri:0, instance:TMKN.Tamkeen.SimpliLearnLogin@394e1a0f]" name="tearDown" is-config="true" duration-ms="155" started-at="2022-09-11T06:40:51 AST" finished-at="2022-09-11T06:40:51 AST">
          <reporter-output>
          </reporter-output>
        </test-method> <!-- tearDown -->
      </class> <!-- TMKN.Tamkeen.SimpliLearnLogin -->
    </test> <!-- Test -->
  </suite> <!-- Suite -->
</testng-results>
