<?xml version="1.0" encoding="UTF-8"?>
<testng-results skipped="0" failed="0" ignored="0" total="3" passed="3">
  <reporter-output>
  </reporter-output>
  <suite name="Suite" duration-ms="159460" started-at="2022-09-17T07:31:03 AST" finished-at="2022-09-17T07:33:42 AST">
    <groups>
    </groups>
    <test name="Test" duration-ms="159460" started-at="2022-09-17T07:31:03 AST" finished-at="2022-09-17T07:33:42 AST">
      <class name="TMKN.Tamkeen.SimpliLearnLogin">
        <test-method status="PASS" signature="DataSetup()[pri:0, instance:TMKN.Tamkeen.SimpliLearnLogin@42eca56e]" name="DataSetup" is-config="true" duration-ms="520" started-at="2022-09-17T07:31:03 AST" finished-at="2022-09-17T07:31:03 AST">
          <reporter-output>
          </reporter-output>
        </test-method> <!-- DataSetup -->
        <test-method status="PASS" signature="setUp(java.lang.reflect.Method)[pri:0, instance:TMKN.Tamkeen.SimpliLearnLogin@42eca56e]" name="setUp" is-config="true" duration-ms="4892" started-at="2022-09-17T07:31:03 AST" finished-at="2022-09-17T07:31:08 AST">
          <params>
            <param index="0">
              <value>
                <![CDATA[public void TMKN.Tamkeen.SimpliLearnLogin.Test1() throws java.lang.InterruptedException]]>
              </value>
            </param>
          </params>
          <reporter-output>
          </reporter-output>
        </test-method> <!-- setUp -->
        <test-method status="PASS" signature="Test1()[pri:0, instance:TMKN.Tamkeen.SimpliLearnLogin@42eca56e]" name="Test1" duration-ms="117548" started-at="2022-09-17T07:31:08 AST" finished-at="2022-09-17T07:33:06 AST">
          <reporter-output>
          </reporter-output>
        </test-method> <!-- Test1 -->
        <test-method status="PASS" signature="tearDown()[pri:0, instance:TMKN.Tamkeen.SimpliLearnLogin@42eca56e]" name="tearDown" is-config="true" duration-ms="2443" started-at="2022-09-17T07:33:06 AST" finished-at="2022-09-17T07:33:08 AST">
          <reporter-output>
          </reporter-output>
        </test-method> <!-- tearDown -->
        <test-method status="PASS" signature="setUp(java.lang.reflect.Method)[pri:0, instance:TMKN.Tamkeen.SimpliLearnLogin@42eca56e]" name="setUp" is-config="true" duration-ms="3734" started-at="2022-09-17T07:33:08 AST" finished-at="2022-09-17T07:33:12 AST">
          <params>
            <param index="0">
              <value>
                <![CDATA[public void TMKN.Tamkeen.SimpliLearnLogin.login2(java.lang.String,java.lang.String) throws java.lang.InterruptedException]]>
              </value>
            </param>
          </params>
          <reporter-output>
          </reporter-output>
        </test-method> <!-- setUp -->
        <test-method status="PASS" signature="login2(java.lang.String,java.lang.String)[pri:0, instance:TMKN.Tamkeen.SimpliLearnLogin@42eca56e]" name="login2" duration-ms="11346" started-at="2022-09-17T07:33:12 AST" finished-at="2022-09-17T07:33:23 AST">
          <params>
            <param index="0">
              <value>
                <![CDATA[test@test.com]]>
              </value>
            </param>
            <param index="1">
              <value>
                <![CDATA[Test@123]]>
              </value>
            </param>
          </params>
          <reporter-output>
          </reporter-output>
        </test-method> <!-- login2 -->
        <test-method status="PASS" signature="tearDown()[pri:0, instance:TMKN.Tamkeen.SimpliLearnLogin@42eca56e]" name="tearDown" is-config="true" duration-ms="99" started-at="2022-09-17T07:33:23 AST" finished-at="2022-09-17T07:33:23 AST">
          <reporter-output>
          </reporter-output>
        </test-method> <!-- tearDown -->
        <test-method status="PASS" signature="setUp(java.lang.reflect.Method)[pri:0, instance:TMKN.Tamkeen.SimpliLearnLogin@42eca56e]" name="setUp" is-config="true" duration-ms="3841" started-at="2022-09-17T07:33:23 AST" finished-at="2022-09-17T07:33:27 AST">
          <params>
            <param index="0">
              <value>
                <![CDATA[public void TMKN.Tamkeen.SimpliLearnLogin.test3() throws java.lang.InterruptedException]]>
              </value>
            </param>
          </params>
          <reporter-output>
          </reporter-output>
        </test-method> <!-- setUp -->
        <test-method status="PASS" signature="test3()[pri:0, instance:TMKN.Tamkeen.SimpliLearnLogin@42eca56e]" name="test3" duration-ms="12307" started-at="2022-09-17T07:33:27 AST" finished-at="2022-09-17T07:33:40 AST">
          <reporter-output>
          </reporter-output>
        </test-method> <!-- test3 -->
        <test-method status="PASS" signature="tearDown()[pri:0, instance:TMKN.Tamkeen.SimpliLearnLogin@42eca56e]" name="tearDown" is-config="true" duration-ms="2431" started-at="2022-09-17T07:33:40 AST" finished-at="2022-09-17T07:33:42 AST">
          <reporter-output>
          </reporter-output>
        </test-method> <!-- tearDown -->
        <test-method status="PASS" signature="Dataclean()[pri:0, instance:TMKN.Tamkeen.SimpliLearnLogin@42eca56e]" name="Dataclean" is-config="true" duration-ms="260" started-at="2022-09-17T07:33:42 AST" finished-at="2022-09-17T07:33:42 AST">
          <reporter-output>
          </reporter-output>
        </test-method> <!-- Dataclean -->
      </class> <!-- TMKN.Tamkeen.SimpliLearnLogin -->
    </test> <!-- Test -->
  </suite> <!-- Suite -->
</testng-results>
